\BOOKMARK [0][-]{section*.1}{\376\377\000T\000a\000b\000l\000e\000\040\000d\000e\000s\000\040\000m\000a\000t\000i\000\350\000r\000e\000s}{}% 1
\BOOKMARK [0][-]{chapter*.2}{\376\377\000?\000?}{}% 2
\BOOKMARK [0][-]{chapter*.3}{\376\377\000?\000?}{}% 3
\BOOKMARK [0][-]{chapter*.4}{\376\377\000?\000?}{}% 4
\BOOKMARK [0][-]{chapter.1}{\376\377\000U\000n\000\040\000s\000t\000a\000t\000u\000\040\000q\000u\000o\000\040\000i\000n\000s\000u\000p\000p\000o\000r\000t\000a\000b\000l\000e}{}% 5
\BOOKMARK [1][-]{section.1.1}{\376\377\000L\000e\000\040\000c\000h\000a\000n\000g\000e\000m\000e\000n\000t\000\040\000c\000l\000i\000m\000a\000t\000i\000q\000u\000e}{chapter.1}% 6
\BOOKMARK [1][-]{section.1.2}{\376\377\000L\000'\000e\000x\000t\000r\000\352\000m\000e\000\040\000p\000a\000u\000v\000r\000e\000t\000\351}{chapter.1}% 7
\BOOKMARK [1][-]{section.1.3}{\376\377\000L\000e\000\040\000l\000i\000e\000n\000\040\000e\000n\000t\000r\000e\000\040\000c\000l\000i\000m\000a\000t\000\040\000e\000t\000\040\000p\000a\000u\000v\000r\000e\000t\000\351}{chapter.1}% 8
\BOOKMARK [0][-]{chapter.2}{\376\377\000L\000a\000\040\000n\000\351\000c\000e\000s\000s\000i\000t\000\351\000\040\000d\000e\000\040\000r\000e\000d\000i\000s\000t\000r\000i\000b\000u\000t\000i\000o\000n\000\040\000m\000o\000n\000d\000i\000a\000l\000e}{}% 9
\BOOKMARK [1][-]{section.2.1}{\376\377\000U\000n\000e\000\040\000p\000r\000e\000s\000c\000r\000i\000p\000t\000i\000o\000n\000\040\000m\000o\000r\000a\000l\000e}{chapter.2}% 10
\BOOKMARK [1][-]{section.2.2}{\376\377\000U\000n\000\040\000e\000n\000g\000a\000g\000e\000m\000e\000n\000t\000\040\000j\000u\000r\000i\000d\000i\000c\000o\000-\000d\000i\000p\000l\000o\000m\000a\000t\000i\000q\000u\000e}{chapter.2}% 11
\BOOKMARK [1][-]{section.2.3}{\376\377\000U\000n\000\040\000i\000m\000p\000\351\000r\000a\000t\000i\000f\000\040\000p\000o\000u\000r\000\040\000l\000a\000\040\000d\000\351\000c\000a\000r\000b\000o\000n\000a\000t\000i\000o\000n\000\040\000d\000u\000\040\000S\000u\000d}{chapter.2}% 12
\BOOKMARK [0][-]{chapter.3}{\376\377\000L\000e\000\040\000c\001\123\000u\000r\000\040\000d\000u\000\040\000P\000l\000a\000n\000\040\000m\000o\000n\000d\000i\000a\000l\000\040\000p\000o\000u\000r\000\040\000l\000e\000\040\000c\000l\000i\000m\000a\000t}{}% 13
\BOOKMARK [0][-]{chapter*.11}{\376\377\000?\000?}{}% 14
\BOOKMARK [0][-]{chapter.4}{\376\377\000U\000n\000\040\000P\000l\000a\000n\000\040\000l\000a\000r\000g\000e\000m\000e\000n\000t\000\040\000s\000o\000u\000t\000e\000n\000u}{}% 15
\BOOKMARK [1][-]{section.4.1}{\376\377\000U\000n\000e\000\040\000v\000i\000e\000i\000l\000l\000e\000\040\000i\000d\000\351\000e}{chapter.4}% 16
\BOOKMARK [1][-]{section.4.2}{\376\377\000U\000n\000e\000\040\000d\000\351\000c\000o\000u\000v\000e\000r\000t\000e\000\040\000r\000\351\000c\000e\000n\000t\000e\000\040\000:\000\040\000l\000'\000a\000d\000h\000\351\000s\000i\000o\000n\000\040\000d\000e\000\040\000l\000a\000\040\000p\000o\000p\000u\000l\000a\000t\000i\000o\000n}{chapter.4}% 17
\BOOKMARK [0][-]{chapter*.22}{\376\377\000?\000?}{}% 18
\BOOKMARK [0][-]{chapter.5}{\376\377\000L\000e\000s\000\040\000g\000r\000a\000n\000d\000s\000\040\000\351\000l\000\351\000m\000e\000n\000t\000s\000\040\000d\000u\000\040\000P\000l\000a\000n\000\040\000m\000o\000n\000d\000i\000a\000l\000\040\000p\000o\000u\000r\000\040\000l\000e\000\040\000c\000l\000i\000m\000a\000t}{}% 19
\BOOKMARK [1][-]{section.5.1}{\376\377\0001\000e\000r\000\040\000p\000r\000i\000n\000c\000i\000p\000e\000\040\000:\000\040\000U\000n\000\040\000q\000u\000o\000t\000a\000\040\000a\000n\000n\000u\000e\000l\000\040\000d\000'\000\351\000m\000i\000s\000s\000i\000o\000n\000s}{chapter.5}% 20
\BOOKMARK [1][-]{section.5.2}{\376\377\0002\000e\000\040\000p\000r\000i\000n\000c\000i\000p\000e\000\040\000:\000\040\000U\000n\000\040\000r\000e\000v\000e\000n\000u\000\040\000d\000e\000\040\000b\000a\000s\000e\000\040\000m\000o\000n\000d\000i\000a\000l}{chapter.5}% 21
